<?xml version="1.0" encoding="UTF-8" standalone="yes" ?>
<test-results name="C:\Projects\Language\Delphi\Middleware\RickUIBuilder\APP\Debug\RickUIBuilder.Test.exe" total="151" errors="0" failures="0" ignored="0" inconclusive="0" not-run="0" skipped="0" invalid="0" date="2026-09-19" time="21:04:44">
  <culture-info current-culture="en" current-uiculture="en" />
  <test-suite type="Assembly" name="RickUIBuilder.Test.exe" executed="true" result="Success" success="True" time="21:04:44" asserts="0">
    <results>
        <test-suite type="Namespace" name="Rick" executed="true" result="Success" success="True" time="0.749" asserts="0" >
          <results>
              <test-suite type="Namespace" name="Tests" executed="true" result="Success" success="True" time="0.749" asserts="0" >
                <results>
                    <test-suite type="Namespace" name="Badge" executed="true" result="Success" success="True" time="0.384" asserts="0" >
                      <results>
                          <test-suite type="Fixture" name="TRickUIBuilderBadgeBuildTests" executed="True" result="Success" success="True" time="0.384" >
                            <categories>
                              <category name="Integration" />
                            </categories>
                            <results>
                              <test-case name="Build_DeveRetornarHandleNaoNulo" executed="True" result="Success" success="True" time="0.153" asserts="0" >
                                <categories>
                                  <category name="Integration" />
                                </categories>
                              </test-case>
                              <test-case name="Build_ContainerDeveSerDoTipoTRectangle" executed="True" result="Success" success="True" time="0.000" asserts="0" >
                                <categories>
                                  <category name="Integration" />
                                </categories>
                              </test-case>
                              <test-case name="Build_TextLabelDeveSerDoTipoTLabel" executed="True" result="Success" success="True" time="0.000" asserts="0" >
                                <categories>
                                  <category name="Integration" />
                                </categories>
                              </test-case>
                              <test-case name="Build_ContainerETextLabelDevemSerObjetosDistintos" executed="True" result="Success" success="True" time="0.002" asserts="0" >
                                <categories>
                                  <category name="Integration" />
                                </categories>
                              </test-case>
                              <test-case name="Build_TextLabelDeveTerContainerComoParent" executed="True" result="Success" success="True" time="0.002" asserts="0" >
                                <categories>
                                  <category name="Integration" />
                                </categories>
                              </test-case>
                              <test-case name="Build_ContainerDeveTerParentInformado" executed="True" result="Success" success="True" time="0.000" asserts="0" >
                                <categories>
                                  <category name="Integration" />
                                </categories>
                              </test-case>
                              <test-case name="Build_DeveAplicarTextoNoTextLabel" executed="True" result="Success" success="True" time="0.000" asserts="0" >
                                <categories>
                                  <category name="Integration" />
                                </categories>
                              </test-case>
                              <test-case name="Build_DevePosicionarNasCoordenadasInformadas" executed="True" result="Success" success="True" time="0.000" asserts="0" >
                                <categories>
                                  <category name="Integration" />
                                </categories>
                              </test-case>
                              <test-case name="Build_DeveAplicarMarginDeslocandoPosicaoFinal" executed="True" result="Success" success="True" time="0.000" asserts="0" >
                                <categories>
                                  <category name="Integration" />
                                </categories>
                              </test-case>
                              <test-case name="Build_PillTrue_DeveAplicarRaioIgualAMetadeDaHeight" executed="True" result="Success" success="True" time="0.000" asserts="0" >
                                <categories>
                                  <category name="Integration" />
                                </categories>
                              </test-case>
                              <test-case name="Build_PillFalse_DeveAplicarCornerRadiusInformado" executed="True" result="Success" success="True" time="0.010" asserts="0" >
                                <categories>
                                  <category name="Integration" />
                                </categories>
                              </test-case>
                              <test-case name="Build_DeveAplicarBackgroundColorInformada" executed="True" result="Success" success="True" time="0.000" asserts="0" >
                                <categories>
                                  <category name="Integration" />
                                </categories>
                              </test-case>
                              <test-case name="Build_DeveAplicarBorderColorQuandoInformada" executed="True" result="Success" success="True" time="0.000" asserts="0" >
                                <categories>
                                  <category name="Integration" />
                                </categories>
                              </test-case>
                              <test-case name="Build_NaoDeveAplicarBordaQuandoBorderColorForNull" executed="True" result="Success" success="True" time="0.005" asserts="0" >
                                <categories>
                                  <category name="Integration" />
                                </categories>
                              </test-case>
                              <test-case name="Build_DeveAplicarTagNoContainer" executed="True" result="Success" success="True" time="0.000" asserts="0" >
                                <categories>
                                  <category name="Integration" />
                                </categories>
                              </test-case>
                            </results>
                          </test-suite>
                          <test-suite type="Fixture" name="TRickUIBuilderBadgeChainingTests" executed="True" result="Success" success="True" time="0.000" >
                            <results>
                              <test-case name="Text_DeveRetornarAMesmaInstancia" executed="True" result="Success" success="True" time="0.000" asserts="0" />
                              <test-case name="Position_DeveRetornarAMesmaInstancia" executed="True" result="Success" success="True" time="0.000" asserts="0" />
                              <test-case name="Pill_DeveRetornarAMesmaInstancia" executed="True" result="Success" success="True" time="0.000" asserts="0" />
                              <test-case name="BackgroundColor_DeveRetornarAMesmaInstancia" executed="True" result="Success" success="True" time="0.000" asserts="0" />
                              <test-case name="Margin_DeveRetornarAMesmaInstancia" executed="True" result="Success" success="True" time="0.000" asserts="0" />
                              <test-case name="Build_DevePermitirEncadeamentoCompletoAntesDeChamarBuild" executed="True" result="Success" success="True" time="0.000" asserts="0" />
                            </results>
                          </test-suite>
                      </results>
                    </test-suite>
                    <test-suite type="Namespace" name="Button" executed="true" result="Success" success="True" time="0.152" asserts="0" >
                      <results>
                          <test-suite type="Fixture" name="TRickUIBuilderButtonBuildTests" executed="True" result="Success" success="True" time="0.085" >
                            <categories>
                              <category name="Integration" />
                            </categories>
                            <results>
                              <test-case name="Build_DeveCriarComponenteDoTipoTRectangle" executed="True" result="Success" success="True" time="0.000" asserts="0" >
                                <categories>
                                  <category name="Integration" />
                                </categories>
                              </test-case>
                              <test-case name="Build_DeveDefinirParentCorretamente" executed="True" result="Success" success="True" time="0.001" asserts="0" >
                                <categories>
                                  <category name="Integration" />
                                </categories>
                              </test-case>
                              <test-case name="Build_DevePosicionarNasCoordenadasInformadas" executed="True" result="Success" success="True" time="0.000" asserts="0" >
                                <categories>
                                  <category name="Integration" />
                                </categories>
                              </test-case>
                              <test-case name="Build_DeveAplicarTagInformada" executed="True" result="Success" success="True" time="0.000" asserts="0" >
                                <categories>
                                  <category name="Integration" />
                                </categories>
                              </test-case>
                              <test-case name="Build_DeveCriarLabelDeCaptionComoFilho" executed="True" result="Success" success="True" time="0.000" asserts="0" >
                                <categories>
                                  <category name="Integration" />
                                </categories>
                              </test-case>
                              <test-case name="Build_DeveDispararOnClickInformado" executed="True" result="Success" success="True" time="0.000" asserts="0" >
                                <categories>
                                  <category name="Integration" />
                                </categories>
                              </test-case>
                              <test-case name="Build_HoverFillColor_DeveAlterarCorAoDispararMouseEnter" executed="True" result="Success" success="True" time="0.000" asserts="0" >
                                <categories>
                                  <category name="Integration" />
                                </categories>
                              </test-case>
                              <test-case name="Build_HoverFillColor_DeveRestaurarCorOriginalAoDispararMouseLeave" executed="True" result="Success" success="True" time="0.000" asserts="0" >
                                <categories>
                                  <category name="Integration" />
                                </categories>
                              </test-case>
                              <test-case name="Build_HoverFillColorEOnHover_DevemCoexistir" executed="True" result="Success" success="True" time="0.000" asserts="0" >
                                <categories>
                                  <category name="Integration" />
                                </categories>
                              </test-case>
                              <test-case name="Build_SemHoverFillColor_NaoDeveAlterarCorAoDispararMouseEnter" executed="True" result="Success" success="True" time="0.002" asserts="0" >
                                <categories>
                                  <category name="Integration" />
                                </categories>
                              </test-case>
                              <test-case name="Build_EnabledFalse_DeveAplicarDisabledOpacity" executed="True" result="Success" success="True" time="0.000" asserts="0" >
                                <categories>
                                  <category name="Integration" />
                                </categories>
                              </test-case>
                              <test-case name="Build_EnabledTrue_DeveAplicarOpacityInformada" executed="True" result="Success" success="True" time="0.000" asserts="0" >
                                <categories>
                                  <category name="Integration" />
                                </categories>
                              </test-case>
                              <test-case name="Build_DeveAplicarMarginDeslocandoPosicaoFinal" executed="True" result="Success" success="True" time="0.000" asserts="0" >
                                <categories>
                                  <category name="Integration" />
                                </categories>
                              </test-case>
                              <test-case name="BuildHandle_DeveRetornarHandleComControlesNaoNulos" executed="True" result="Success" success="True" time="0.000" asserts="0" >
                                <categories>
                                  <category name="Integration" />
                                </categories>
                              </test-case>
                              <test-case name="BuildHandle_DeveExporControlesDaArvoreVisual" executed="True" result="Success" success="True" time="0.000" asserts="0" >
                                <categories>
                                  <category name="Integration" />
                                </categories>
                              </test-case>
                              <test-case name="BuildHandle_DevePreservarParentEOwnership" executed="True" result="Success" success="True" time="0.000" asserts="0" >
                                <categories>
                                  <category name="Integration" />
                                </categories>
                              </test-case>
                              <test-case name="BuildHandle_DeveExporCaptionConfigurado" executed="True" result="Success" success="True" time="0.000" asserts="0" >
                                <categories>
                                  <category name="Integration" />
                                </categories>
                              </test-case>
                              <test-case name="BuildHandle_AlterarTextLabelDeveAfetarSomenteSeuButton" executed="True" result="Success" success="True" time="0.000" asserts="0" >
                                <categories>
                                  <category name="Integration" />
                                </categories>
                              </test-case>
                              <test-case name="BuildHandle_LiberadoNaoDeveLiberarControles" executed="True" result="Success" success="True" time="0.000" asserts="0" >
                                <categories>
                                  <category name="Integration" />
                                </categories>
                              </test-case>
                              <test-case name="BuildHandle_DevePreservarEstiloDoTextLabel" executed="True" result="Success" success="True" time="0.000" asserts="0" >
                                <categories>
                                  <category name="Integration" />
                                </categories>
                              </test-case>
                              <test-case name="BuildHandle_DevePreservarEstadoVisualDoContainer" executed="True" result="Success" success="True" time="0.000" asserts="0" >
                                <categories>
                                  <category name="Integration" />
                                </categories>
                              </test-case>
                            </results>
                          </test-suite>
                          <test-suite type="Fixture" name="TRickUIBuilderButtonChainingTests" executed="True" result="Success" success="True" time="0.000" >
                            <results>
                              <test-case name="Caption_DeveRetornarAMesmaInstancia" executed="True" result="Success" success="True" time="0.000" asserts="0" />
                              <test-case name="Position_DeveRetornarAMesmaInstancia" executed="True" result="Success" success="True" time="0.000" asserts="0" />
                              <test-case name="FillColor_DeveRetornarAMesmaInstancia" executed="True" result="Success" success="True" time="0.000" asserts="0" />
                              <test-case name="HoverFillColor_DeveRetornarAMesmaInstancia" executed="True" result="Success" success="True" time="0.000" asserts="0" />
                              <test-case name="OnClick_DeveRetornarAMesmaInstancia" executed="True" result="Success" success="True" time="0.000" asserts="0" />
                              <test-case name="Build_DevePermitirEncadeamentoCompletoAntesDeChamarBuild" executed="True" result="Success" success="True" time="0.000" asserts="0" />
                            </results>
                          </test-suite>
                          <test-suite type="Fixture" name="TRickUIBuilderButtonHoverStateTests" executed="True" result="Success" success="True" time="0.067" >
                            <categories>
                              <category name="Integration" />
                            </categories>
                            <results>
                              <test-case name="New_DeveRetornarInterfaceNaoNula" executed="True" result="Success" success="True" time="0.000" asserts="0" >
                                <categories>
                                  <category name="Integration" />
                                </categories>
                              </test-case>
                              <test-case name="Button_Input_DeveRetornarMesmaInstancia" executed="True" result="Success" success="True" time="0.000" asserts="0" >
                                <categories>
                                  <category name="Integration" />
                                </categories>
                              </test-case>
                              <test-case name="Button_Output_DeveRetornarValorConfigurado" executed="True" result="Success" success="True" time="0.000" asserts="0" >
                                <categories>
                                  <category name="Integration" />
                                </categories>
                              </test-case>
                              <test-case name="FillColor_Input_DeveRetornarMesmaInstancia" executed="True" result="Success" success="True" time="0.000" asserts="0" >
                                <categories>
                                  <category name="Integration" />
                                </categories>
                              </test-case>
                              <test-case name="FillColor_Output_DeveRetornarValorConfigurado" executed="True" result="Success" success="True" time="0.000" asserts="0" >
                                <categories>
                                  <category name="Integration" />
                                </categories>
                              </test-case>
                              <test-case name="HoverFillColor_Input_DeveRetornarMesmaInstancia" executed="True" result="Success" success="True" time="0.000" asserts="0" >
                                <categories>
                                  <category name="Integration" />
                                </categories>
                              </test-case>
                              <test-case name="HoverFillColor_Output_DeveRetornarValorConfigurado" executed="True" result="Success" success="True" time="0.000" asserts="0" >
                                <categories>
                                  <category name="Integration" />
                                </categories>
                              </test-case>
                              <test-case name="OnEnter_Input_DeveRetornarMesmaInstancia" executed="True" result="Success" success="True" time="0.000" asserts="0" >
                                <categories>
                                  <category name="Integration" />
                                </categories>
                              </test-case>
                              <test-case name="OnEnter_Output_DeveRetornarHandlerConfigurado" executed="True" result="Success" success="True" time="0.000" asserts="0" >
                                <categories>
                                  <category name="Integration" />
                                </categories>
                              </test-case>
                              <test-case name="OnLeave_Input_DeveRetornarMesmaInstancia" executed="True" result="Success" success="True" time="0.000" asserts="0" >
                                <categories>
                                  <category name="Integration" />
                                </categories>
                              </test-case>
                              <test-case name="OnLeave_Output_DeveRetornarHandlerConfigurado" executed="True" result="Success" success="True" time="0.000" asserts="0" >
                                <categories>
                                  <category name="Integration" />
                                </categories>
                              </test-case>
                              <test-case name="Build_DeveManterHoverAtivoAposLiberarInterface" executed="True" result="Success" success="True" time="0.000" asserts="0" >
                                <categories>
                                  <category name="Integration" />
                                </categories>
                              </test-case>
                              <test-case name="Build_DeveAplicarHoverFillColor" executed="True" result="Success" success="True" time="0.000" asserts="0" >
                                <categories>
                                  <category name="Integration" />
                                </categories>
                              </test-case>
                              <test-case name="Build_DeveRestaurarFillColor" executed="True" result="Success" success="True" time="0.000" asserts="0" >
                                <categories>
                                  <category name="Integration" />
                                </categories>
                              </test-case>
                              <test-case name="Build_DeveExecutarOnEnter" executed="True" result="Success" success="True" time="0.000" asserts="0" >
                                <categories>
                                  <category name="Integration" />
                                </categories>
                              </test-case>
                              <test-case name="Build_DeveExecutarOnLeave" executed="True" result="Success" success="True" time="0.000" asserts="0" >
                                <categories>
                                  <category name="Integration" />
                                </categories>
                              </test-case>
                              <test-case name="Build_SemHoverFillColor_NaoDeveAlterarCor" executed="True" result="Success" success="True" time="0.000" asserts="0" >
                                <categories>
                                  <category name="Integration" />
                                </categories>
                              </test-case>
                              <test-case name="Build_DevePermitirHoverFillColorEOnHoverSimultaneamente" executed="True" result="Success" success="True" time="0.000" asserts="0" >
                                <categories>
                                  <category name="Integration" />
                                </categories>
                              </test-case>
                              <test-case name="Build_DeveAtrelarBehaviorAoOwnerInformado" executed="True" result="Success" success="True" time="0.000" asserts="0" >
                                <categories>
                                  <category name="Integration" />
                                </categories>
                              </test-case>
                            </results>
                          </test-suite>
                      </results>
                    </test-suite>
                    <test-suite type="Fixture" name="TRickUIBuilderComposerTests" executed="True" result="Success" success="True" time="0.029" >
                      <categories>
                        <category name="Integration" />
                      </categories>
                      <results>
                        <test-case name="AddText_DeveCriarLabelNoParentAssociado" executed="True" result="Success" success="True" time="0.005" asserts="0" >
                          <categories>
                            <category name="Integration" />
                          </categories>
                        </test-case>
                        <test-case name="AddText_DeveRetornarAMesmaInstanciaDoComposer" executed="True" result="Success" success="True" time="0.000" asserts="0" >
                          <categories>
                            <category name="Integration" />
                          </categories>
                        </test-case>
                        <test-case name="AddDivider_DeveCriarDividerNoParentAssociado" executed="True" result="Success" success="True" time="0.000" asserts="0" >
                          <categories>
                            <category name="Integration" />
                          </categories>
                        </test-case>
                        <test-case name="AddBadge_DeveRetornarHandleComContainerETextLabel" executed="True" result="Success" success="True" time="0.000" asserts="0" >
                          <categories>
                            <category name="Integration" />
                          </categories>
                        </test-case>
                        <test-case name="AddButton_DeveCriarBotaoComOnClickInformado" executed="True" result="Success" success="True" time="0.000" asserts="0" >
                          <categories>
                            <category name="Integration" />
                          </categories>
                        </test-case>
                        <test-case name="SequenciaCompleta_DeveCriarTresControlesTodosFilhosDoMesmoParent" executed="True" result="Success" success="True" time="0.000" asserts="0" >
                          <categories>
                            <category name="Integration" />
                          </categories>
                        </test-case>
                        <test-case name="SequenciaCompleta_DeveCriarControlesNaOrdemDeChamada" executed="True" result="Success" success="True" time="0.000" asserts="0" >
                          <categories>
                            <category name="Integration" />
                          </categories>
                        </test-case>
                      </results>
                    </test-suite>
                    <test-suite type="Namespace" name="Divider" executed="true" result="Success" success="True" time="0.031" asserts="0" >
                      <results>
                          <test-suite type="Fixture" name="TRickUIBuilderDividerBuildTests" executed="True" result="Success" success="True" time="0.030" >
                            <categories>
                              <category name="Integration" />
                            </categories>
                            <results>
                              <test-case name="Build_DeveCriarComponenteDoTipoTRectangle" executed="True" result="Success" success="True" time="0.000" asserts="0" >
                                <categories>
                                  <category name="Integration" />
                                </categories>
                              </test-case>
                              <test-case name="Build_DeveDefinirParentCorretamente" executed="True" result="Success" success="True" time="0.000" asserts="0" >
                                <categories>
                                  <category name="Integration" />
                                </categories>
                              </test-case>
                              <test-case name="Build_DevePosicionarNasCoordenadasInformadas" executed="True" result="Success" success="True" time="0.000" asserts="0" >
                                <categories>
                                  <category name="Integration" />
                                </categories>
                              </test-case>
                              <test-case name="Build_DeveAplicarMarginDeslocandoPosicaoFinal" executed="True" result="Success" success="True" time="0.000" asserts="0" >
                                <categories>
                                  <category name="Integration" />
                                </categories>
                              </test-case>
                              <test-case name="Build_DeveAplicarCorInformada" executed="True" result="Success" success="True" time="0.000" asserts="0" >
                                <categories>
                                  <category name="Integration" />
                                </categories>
                              </test-case>
                              <test-case name="Build_OrientationHorizontal_DeveUsarWidthComoComprimentoEThicknessComoAltura" executed="True" result="Success" success="True" time="0.000" asserts="0" >
                                <categories>
                                  <category name="Integration" />
                                </categories>
                              </test-case>
                              <test-case name="Build_OrientationVertical_DeveInverterWidthEHeight" executed="True" result="Success" success="True" time="0.000" asserts="0" >
                                <categories>
                                  <category name="Integration" />
                                </categories>
                              </test-case>
                              <test-case name="Build_DeveUsarThicknessPadraoDeUmPixelQuandoNaoInformado" executed="True" result="Success" success="True" time="0.000" asserts="0" >
                                <categories>
                                  <category name="Integration" />
                                </categories>
                              </test-case>
                              <test-case name="Build_DeveAplicarVisibleInformado" executed="True" result="Success" success="True" time="0.000" asserts="0" >
                                <categories>
                                  <category name="Integration" />
                                </categories>
                              </test-case>
                            </results>
                          </test-suite>
                          <test-suite type="Fixture" name="TRickUIBuilderDividerChainingTests" executed="True" result="Success" success="True" time="0.000" >
                            <results>
                              <test-case name="Position_DeveRetornarAMesmaInstancia" executed="True" result="Success" success="True" time="0.000" asserts="0" />
                              <test-case name="Width_DeveRetornarAMesmaInstancia" executed="True" result="Success" success="True" time="0.000" asserts="0" />
                              <test-case name="Thickness_DeveRetornarAMesmaInstancia" executed="True" result="Success" success="True" time="0.000" asserts="0" />
                              <test-case name="Orientation_DeveRetornarAMesmaInstancia" executed="True" result="Success" success="True" time="0.000" asserts="0" />
                              <test-case name="Color_DeveRetornarAMesmaInstancia" executed="True" result="Success" success="True" time="0.000" asserts="0" />
                              <test-case name="Build_DevePermitirEncadeamentoCompletoAntesDeChamarBuild" executed="True" result="Success" success="True" time="0.000" asserts="0" />
                            </results>
                          </test-suite>
                      </results>
                    </test-suite>
                    <test-suite type="Fixture" name="TRickUIBuilderFacadeTests" executed="True" result="Success" success="True" time="0.027" >
                      <categories>
                        <category name="Integration" />
                      </categories>
                      <results>
                        <test-case name="Label_DeveCriarLabelFuncional" executed="True" result="Success" success="True" time="0.000" asserts="0" >
                          <categories>
                            <category name="Integration" />
                          </categories>
                        </test-case>
                        <test-case name="Button_DeveCriarBotaoFuncional" executed="True" result="Success" success="True" time="0.000" asserts="0" >
                          <categories>
                            <category name="Integration" />
                          </categories>
                        </test-case>
                        <test-case name="Badge_DeveCriarBadgeFuncional" executed="True" result="Success" success="True" time="0.001" asserts="0" >
                          <categories>
                            <category name="Integration" />
                          </categories>
                        </test-case>
                        <test-case name="Divider_DeveCriarDividerFuncional" executed="True" result="Success" success="True" time="0.000" asserts="0" >
                          <categories>
                            <category name="Integration" />
                          </categories>
                        </test-case>
                        <test-case name="Factory_DevePermitirChamarMetodosEstaticosDiretamente" executed="True" result="Success" success="True" time="0.000" asserts="0" >
                          <categories>
                            <category name="Integration" />
                          </categories>
                        </test-case>
                        <test-case name="On_DeveCriarComposerFuncional" executed="True" result="Success" success="True" time="0.000" asserts="0" >
                          <categories>
                            <category name="Integration" />
                          </categories>
                        </test-case>
                        <test-case name="Label_ChamadoDuasVezes_NaoDeveCompartilharEstadoEntreInstancias" executed="True" result="Success" success="True" time="0.011" asserts="0" >
                          <categories>
                            <category name="Integration" />
                          </categories>
                        </test-case>
                      </results>
                    </test-suite>
                    <test-suite type="Namespace" name="Factory" executed="true" result="Success" success="True" time="0.078" asserts="0" >
                      <results>
                          <test-suite type="Fixture" name="TRickUIBuilderFactoryCreateBadgeTests" executed="True" result="Success" success="True" time="0.017" >
                            <categories>
                              <category name="Integration" />
                            </categories>
                            <results>
                              <test-case name="DeveCriarContainerDoTipoTRectangle" executed="True" result="Success" success="True" time="0.000" asserts="0" >
                                <categories>
                                  <category name="Integration" />
                                </categories>
                              </test-case>
                              <test-case name="DeveCriarTextLabelComoFilhoDoContainer" executed="True" result="Success" success="True" time="0.000" asserts="0" >
                                <categories>
                                  <category name="Integration" />
                                </categories>
                              </test-case>
                              <test-case name="DeveAplicarTextoNoTextLabel" executed="True" result="Success" success="True" time="0.000" asserts="0" >
                                <categories>
                                  <category name="Integration" />
                                </categories>
                              </test-case>
                              <test-case name="DeveAplicarFormatoDePilula" executed="True" result="Success" success="True" time="0.005" asserts="0" >
                                <categories>
                                  <category name="Integration" />
                                </categories>
                              </test-case>
                            </results>
                          </test-suite>
                          <test-suite type="Fixture" name="TRickUIBuilderFactoryCreateButtonTests" executed="True" result="Success" success="True" time="0.028" >
                            <categories>
                              <category name="Integration" />
                            </categories>
                            <results>
                              <test-case name="DeveCriarComponenteDoTipoTRectangle" executed="True" result="Success" success="True" time="0.000" asserts="0" >
                                <categories>
                                  <category name="Integration" />
                                </categories>
                              </test-case>
                              <test-case name="DeveAplicarTagDoConfig" executed="True" result="Success" success="True" time="0.000" asserts="0" >
                                <categories>
                                  <category name="Integration" />
                                </categories>
                              </test-case>
                              <test-case name="DeveResponderAHitTest" executed="True" result="Success" success="True" time="0.000" asserts="0" >
                                <categories>
                                  <category name="Integration" />
                                </categories>
                              </test-case>
                              <test-case name="DeveCriarLabelDeCaptionComoFilho" executed="True" result="Success" success="True" time="0.006" asserts="0" >
                                <categories>
                                  <category name="Integration" />
                                </categories>
                              </test-case>
                              <test-case name="DeveRetornarTextLabelCriadoNaSobrecargaComOut" executed="True" result="Success" success="True" time="0.000" asserts="0" >
                                <categories>
                                  <category name="Integration" />
                                </categories>
                              </test-case>
                              <test-case name="NaoDeveAplicarBordaQuandoBorderColorForNull" executed="True" result="Success" success="True" time="0.002" asserts="0" >
                                <categories>
                                  <category name="Integration" />
                                </categories>
                              </test-case>
                              <test-case name="DeveAplicarBordaQuandoBorderColorForInformada" executed="True" result="Success" success="True" time="0.000" asserts="0" >
                                <categories>
                                  <category name="Integration" />
                                </categories>
                              </test-case>
                            </results>
                          </test-suite>
                          <test-suite type="Fixture" name="TRickUIBuilderFactoryCreateDividerTests" executed="True" result="Success" success="True" time="0.013" >
                            <categories>
                              <category name="Integration" />
                            </categories>
                            <results>
                              <test-case name="DeveCriarComponenteDoTipoTRectangle" executed="True" result="Success" success="True" time="0.000" asserts="0" >
                                <categories>
                                  <category name="Integration" />
                                </categories>
                              </test-case>
                              <test-case name="DeveCriarComAlturaFixaDeUmPixel" executed="True" result="Success" success="True" time="0.000" asserts="0" >
                                <categories>
                                  <category name="Integration" />
                                </categories>
                              </test-case>
                              <test-case name="DeveAplicarLarguraDoConfig" executed="True" result="Success" success="True" time="0.000" asserts="0" >
                                <categories>
                                  <category name="Integration" />
                                </categories>
                              </test-case>
                              <test-case name="NaoDeveResponderAHitTest" executed="True" result="Success" success="True" time="0.000" asserts="0" >
                                <categories>
                                  <category name="Integration" />
                                </categories>
                              </test-case>
                            </results>
                          </test-suite>
                          <test-suite type="Fixture" name="TRickUIBuilderFactoryCreateTextTests" executed="True" result="Success" success="True" time="0.019" >
                            <categories>
                              <category name="Integration" />
                            </categories>
                            <results>
                              <test-case name="DeveCriarComponenteDoTipoTLabel" executed="True" result="Success" success="True" time="0.000" asserts="0" >
                                <categories>
                                  <category name="Integration" />
                                </categories>
                              </test-case>
                              <test-case name="DeveDefinirParentCorretamente" executed="True" result="Success" success="True" time="0.000" asserts="0" >
                                <categories>
                                  <category name="Integration" />
                                </categories>
                              </test-case>
                              <test-case name="DevePosicionarNasCoordenadasDoConfig" executed="True" result="Success" success="True" time="0.000" asserts="0" >
                                <categories>
                                  <category name="Integration" />
                                </categories>
                              </test-case>
                              <test-case name="DeveAplicarTamanhoDoConfig" executed="True" result="Success" success="True" time="0.000" asserts="0" >
                                <categories>
                                  <category name="Integration" />
                                </categories>
                              </test-case>
                              <test-case name="DeveAplicarTextoInformado" executed="True" result="Success" success="True" time="0.000" asserts="0" >
                                <categories>
                                  <category name="Integration" />
                                </categories>
                              </test-case>
                            </results>
                          </test-suite>
                      </results>
                    </test-suite>
                    <test-suite type="Namespace" name="Types" executed="true" result="Success" success="True" time="0.001" asserts="0" >
                      <results>
                          <test-suite type="Fixture" name="TRickUIBuilderBadgeConfigTests" executed="True" result="Success" success="True" time="0.000" >
                            <results>
                              <test-case name="Default_DeveRetornarWidthOitentaEHeightVinteECinco" executed="True" result="Success" success="True" time="0.000" asserts="0" />
                              <test-case name="Default_DeveRetornarBackgroundColorCinzaClaro" executed="True" result="Success" success="True" time="0.000" asserts="0" />
                              <test-case name="Default_DeveRetornarTextColorPreto" executed="True" result="Success" success="True" time="0.000" asserts="0" />
                            </results>
                          </test-suite>
                          <test-suite type="Fixture" name="TRickUIBuilderButtonConfigTests" executed="True" result="Success" success="True" time="0.000" >
                            <results>
                              <test-case name="Default_DeveRetornarWidthCentoEVinteEHeightQuarenta" executed="True" result="Success" success="True" time="0.000" asserts="0" />
                              <test-case name="Default_DeveRetornarFillColorDodgerblue" executed="True" result="Success" success="True" time="0.000" asserts="0" />
                              <test-case name="Default_DeveRetornarBorderColorTransparente" executed="True" result="Success" success="True" time="0.000" asserts="0" />
                              <test-case name="Default_DeveRetornarTextColorBranco" executed="True" result="Success" success="True" time="0.000" asserts="0" />
                              <test-case name="Default_DeveRetornarTagZero" executed="True" result="Success" success="True" time="0.000" asserts="0" />
                            </results>
                          </test-suite>
                          <test-suite type="Fixture" name="TRickUIBuilderDividerConfigTests" executed="True" result="Success" success="True" time="0.000" >
                            <results>
                              <test-case name="Default_DeveRetornarWidthCem" executed="True" result="Success" success="True" time="0.000" asserts="0" />
                              <test-case name="Default_DeveRetornarColorCinzaClaro" executed="True" result="Success" success="True" time="0.000" asserts="0" />
                            </results>
                          </test-suite>
                          <test-suite type="Fixture" name="TRickUIBuilderSpacingTests" executed="True" result="Success" success="True" time="0.000" >
                            <results>
                              <test-case name="Create_DeveArmazenarCadaLadoIndependentemente" executed="True" result="Success" success="True" time="0.000" asserts="0" />
                              <test-case name="Uniform_DeveAplicarMesmoValorNosQuatroLados" executed="True" result="Success" success="True" time="0.000" asserts="0" />
                              <test-case name="None_DeveRetornarTodosOsLadosComoZero" executed="True" result="Success" success="True" time="0.000" asserts="0" />
                            </results>
                          </test-suite>
                          <test-suite type="Fixture" name="TRickUIBuilderTextConfigTests" executed="True" result="Success" success="True" time="0.000" >
                            <results>
                              <test-case name="Default_DeveRetornarWidthCemEHeightVinteECinco" executed="True" result="Success" success="True" time="0.000" asserts="0" />
                              <test-case name="Default_DeveRetornarFontSizeDoze" executed="True" result="Success" success="True" time="0.000" asserts="0" />
                              <test-case name="Default_DeveRetornarFontColorPreto" executed="True" result="Success" success="True" time="0.000" asserts="0" />
                              <test-case name="Default_DeveRetornarHorizontalAlignLeading" executed="True" result="Success" success="True" time="0.000" asserts="0" />
                              <test-case name="Default_DeveRetornarBoldFalso" executed="True" result="Success" success="True" time="0.000" asserts="0" />
                            </results>
                          </test-suite>
                      </results>
                    </test-suite>
                    <test-suite type="Namespace" name="_Label" executed="true" result="Success" success="True" time="0.047" asserts="0" >
                      <results>
                          <test-suite type="Fixture" name="TRickUIBuilderLabelBuildTests" executed="True" result="Success" success="True" time="0.047" >
                            <categories>
                              <category name="Integration" />
                            </categories>
                            <results>
                              <test-case name="Build_DeveCriarComponenteDoTipoTLabel" executed="True" result="Success" success="True" time="0.005" asserts="0" >
                                <categories>
                                  <category name="Integration" />
                                </categories>
                              </test-case>
                              <test-case name="Build_DeveDefinirParentCorretamente" executed="True" result="Success" success="True" time="0.000" asserts="0" >
                                <categories>
                                  <category name="Integration" />
                                </categories>
                              </test-case>
                              <test-case name="Build_DevePosicionarNasCoordenadasInformadas" executed="True" result="Success" success="True" time="0.000" asserts="0" >
                                <categories>
                                  <category name="Integration" />
                                </categories>
                              </test-case>
                              <test-case name="Build_DeveAplicarTamanhoInformado" executed="True" result="Success" success="True" time="0.000" asserts="0" >
                                <categories>
                                  <category name="Integration" />
                                </categories>
                              </test-case>
                              <test-case name="Build_DeveAplicarTextoInformado" executed="True" result="Success" success="True" time="0.000" asserts="0" >
                                <categories>
                                  <category name="Integration" />
                                </categories>
                              </test-case>
                              <test-case name="Build_DeveAplicarCorDeFonteInformada" executed="True" result="Success" success="True" time="0.000" asserts="0" >
                                <categories>
                                  <category name="Integration" />
                                </categories>
                              </test-case>
                              <test-case name="Build_DeveAplicarMarginDeslocandoPosicaoFinal" executed="True" result="Success" success="True" time="0.000" asserts="0" >
                                <categories>
                                  <category name="Integration" />
                                </categories>
                              </test-case>
                              <test-case name="Build_DeveAplicarPaddingSemAlterarTamanho" executed="True" result="Success" success="True" time="0.000" asserts="0" >
                                <categories>
                                  <category name="Integration" />
                                </categories>
                              </test-case>
                              <test-case name="Build_DeveAplicarBoldQuandoInformado" executed="True" result="Success" success="True" time="0.000" asserts="0" >
                                <categories>
                                  <category name="Integration" />
                                </categories>
                              </test-case>
                              <test-case name="Build_DeveAplicarTagInformada" executed="True" result="Success" success="True" time="0.000" asserts="0" >
                                <categories>
                                  <category name="Integration" />
                                </categories>
                              </test-case>
                              <test-case name="Build_DeveUsarValoresPadraoQuandoNadaForConfigurado" executed="True" result="Success" success="True" time="0.000" asserts="0" >
                                <categories>
                                  <category name="Integration" />
                                </categories>
                              </test-case>
                            </results>
                          </test-suite>
                          <test-suite type="Fixture" name="TRickUIBuilderLabelChainingTests" executed="True" result="Success" success="True" time="0.000" >
                            <results>
                              <test-case name="Text_DeveRetornarAMesmaInstancia" executed="True" result="Success" success="True" time="0.000" asserts="0" />
                              <test-case name="Position_DeveRetornarAMesmaInstancia" executed="True" result="Success" success="True" time="0.000" asserts="0" />
                              <test-case name="Size_DeveRetornarAMesmaInstancia" executed="True" result="Success" success="True" time="0.000" asserts="0" />
                              <test-case name="FontColor_DeveRetornarAMesmaInstancia" executed="True" result="Success" success="True" time="0.000" asserts="0" />
                              <test-case name="Margin_DeveRetornarAMesmaInstancia" executed="True" result="Success" success="True" time="0.000" asserts="0" />
                              <test-case name="Build_DevePermitirEncadeamentoCompletoAntesDeChamarBuild" executed="True" result="Success" success="True" time="0.000" asserts="0" />
                            </results>
                          </test-suite>
                      </results>
                    </test-suite>
                </results>
              </test-suite>
          </results>
        </test-suite>
    </results>
  </test-suite>
</test-results>
